<?xml version="1.0" encoding="UTF-8"?>
<robot generator="Robot 6.1 (Python 3.11.3 on darwin)" generated="20230707 11:18:44.935" rpa="false" schemaversion="4">
<suite id="s1" name="Test Imagecropping" source="/Users/peterm/workspace/khbg/src/plone.app.imagecropping/src/plone/app/imagecropping/tests/robot/test_imagecropping.robot">
<test id="s1-t1" name="Scenario: Crop Plone default image type" line="38">
<kw name="Open test browser" library="selenium" type="SETUP">
<kw name="Open Browser" library="Selenium2Library">
<arg>${START_URL}</arg>
<arg>${BROWSER}</arg>
<arg>remote_url=${REMOTE_URL}</arg>
<arg>desired_capabilities=${DESIRED_CAPABILITIES}</arg>
<arg>ff_profile_dir=${FF_PROFILE_DIR}</arg>
<doc>Opens a new browser instance to the optional ``url``.</doc>
<msg timestamp="20230707 11:18:45.175" level="INFO">Opening browser 'headlesschrome' to base url 'http://localhost:55478/plone'.</msg>
<msg timestamp="20230707 11:18:47.176" level="INFO">/Users/peterm/workspace/khbg/src/plone.app.imagecropping/.tox/test/lib/python3.11/site-packages/SeleniumLibrary/keywords/webdrivertools/webdrivertools.py:165: DeprecationWarning: headless property is deprecated, instead use add_argument('--headless') or add_argument('--headless=new')
  options.headless = True</msg>
<status status="PASS" starttime="20230707 11:18:45.174" endtime="20230707 11:18:47.176"/>
</kw>
<status status="PASS" starttime="20230707 11:18:45.174" endtime="20230707 11:18:47.176"/>
</kw>
<kw name="Given a logged in test user" library="user">
<doc>Log in to the site as test user. This test user is
equivalent to the TEST_USER_NAME in plone.app.testing.
There is no guarantee of where in the site you are once
this is done.</doc>
<kw name="Enable Autologin As" library="Remote">
<arg>Member</arg>
<arg>Contributor</arg>
<doc>Add and configure DomainAuthHelper PAS-plugin to login
        all anonymous users from localhost as a special *Remote User* with
        one or more given roles. Examples of use::</doc>
<msg timestamp="20230707 11:18:47.181" level="INFO">None</msg>
<status status="PASS" starttime="20230707 11:18:47.176" endtime="20230707 11:18:47.181"/>
</kw>
<kw name="Set Autologin Username" library="Remote">
<arg>${TEST_USER_NAME}</arg>
<doc>Update autologin mapping with the given username</doc>
<msg timestamp="20230707 11:18:47.185" level="INFO">None</msg>
<status status="PASS" starttime="20230707 11:18:47.181" endtime="20230707 11:18:47.185"/>
</kw>
<status status="PASS" starttime="20230707 11:18:47.176" endtime="20230707 11:18:47.185"/>
</kw>
<kw name="and a image 'Image'" sourcename="a image '${portal_type}'">
<kw name="Create Content" library="Remote">
<arg>type=${portal_type}</arg>
<arg>id=my-image</arg>
<arg>title=My Image</arg>
<doc>Create content and return its UID</doc>
<msg timestamp="20230707 11:18:47.216" level="INFO">9cc957753563454b99cd05ab18740ca1</msg>
<status status="PASS" starttime="20230707 11:18:47.185" endtime="20230707 11:18:47.216"/>
</kw>
<status status="PASS" starttime="20230707 11:18:47.185" endtime="20230707 11:18:47.216"/>
</kw>
<kw name="When I go to the cropping view">
<kw name="Go To" library="Selenium2Library">
<arg>${PLONE_URL}/${IMAGE_ID}/view</arg>
<doc>Navigates the current browser window to the provided ``url``.</doc>
<msg timestamp="20230707 11:18:47.216" level="INFO">Opening url 'http://localhost:55478/plone/my-image/view'</msg>
<msg timestamp="20230707 11:18:47.604" level="INFO">/Users/peterm/workspace/khbg/src/plone.app.imagecropping/.tox/test/lib/python3.11/site-packages/OFS/PropertyManager.py:154: DeprecationWarning: The portal portal_properties tool will be removed in Plone 6.1. Use the portal_registry instead. Check https://github.com/plone/Products.CMFPlone/issues/125 for more details.
  if self.hasProperty(id):</msg>
<status status="PASS" starttime="20230707 11:18:47.216" endtime="20230707 11:18:47.604"/>
</kw>
<kw name="Click Link" library="Selenium2Library">
<arg>link=Cropping</arg>
<doc>Clicks a link identified by ``locator``.</doc>
<msg timestamp="20230707 11:18:47.604" level="INFO">Clicking link 'link=Cropping'.</msg>
<status status="PASS" starttime="20230707 11:18:47.604" endtime="20230707 11:18:47.796"/>
</kw>
<kw name="Page Should Contain Element" library="Selenium2Library">
<arg>css=.pat-image-cropper</arg>
<doc>Verifies that element ``locator`` is found on the current page.</doc>
<msg timestamp="20230707 11:18:47.802" level="INFO">Current page contains element 'css=.pat-image-cropper'.</msg>
<status status="PASS" starttime="20230707 11:18:47.796" endtime="20230707 11:18:47.802"/>
</kw>
<status status="PASS" starttime="20230707 11:18:47.216" endtime="20230707 11:18:47.802"/>
</kw>
<kw name="and I crop the images field 'image' size 'preview' to 560 x 20">
<msg timestamp="20230707 11:18:47.804" level="FAIL">No keyword with name 'and I crop the images field 'image' size 'preview' to 560 x 20' found.</msg>
<status status="FAIL" starttime="20230707 11:18:47.804" endtime="20230707 11:18:47.804"/>
</kw>
<kw name="Then the images field 'image' should be cropped">
<status status="NOT RUN" starttime="20230707 11:18:47.805" endtime="20230707 11:18:47.805"/>
</kw>
<kw name="Close All Browsers" library="Selenium2Library" type="TEARDOWN">
<doc>Closes all open browsers and resets the browser cache.</doc>
<status status="PASS" starttime="20230707 11:18:47.806" endtime="20230707 11:18:47.870"/>
</kw>
<status status="FAIL" starttime="20230707 11:18:45.173" endtime="20230707 11:18:47.870">No keyword with name 'and I crop the images field 'image' size 'preview' to 560 x 20' found.</status>
</test>
<status status="FAIL" starttime="20230707 11:18:44.936" endtime="20230707 11:18:47.870"/>
</suite>
<statistics>
<total>
<stat pass="0" fail="1" skip="0">All Tests</stat>
</total>
<tag>
</tag>
<suite>
<stat pass="0" fail="1" skip="0" id="s1" name="Test Imagecropping">Test Imagecropping</stat>
</suite>
</statistics>
<errors>
<msg timestamp="20230707 11:18:44.983" level="ERROR">Error in file '/Users/peterm/workspace/khbg/src/plone.app.imagecropping/.tox/test/lib/python3.11/site-packages/plone/app/robotframework/keywords.robot' on line 84: Creating keyword 'Log in as test user with role' failed: User keyword cannot be empty.</msg>
</errors>
</robot>
