<?xml version="1.0" encoding="UTF-8"?>
<robot generator="Robot 6.1 (Python 3.11.3 on darwin)" generated="20230707 11:18:47.894" rpa="false" schemaversion="4">
<suite id="s1" name="Test Imagecropping" source="/Users/peterm/workspace/khbg/src/plone.app.imagecropping/src/plone/app/imagecropping/tests/robot/test_imagecropping.robot">
<test id="s1-t1" name="Scenario: Crop a two images fields containing type" line="45">
<kw name="Open test browser" library="selenium" type="SETUP">
<kw name="Open Browser" library="Selenium2Library">
<arg>${START_URL}</arg>
<arg>${BROWSER}</arg>
<arg>remote_url=${REMOTE_URL}</arg>
<arg>desired_capabilities=${DESIRED_CAPABILITIES}</arg>
<arg>ff_profile_dir=${FF_PROFILE_DIR}</arg>
<doc>Opens a new browser instance to the optional ``url``.</doc>
<msg timestamp="20230707 11:18:48.113" level="INFO">Opening browser 'headlesschrome' to base url 'http://localhost:55478/plone'.</msg>
<status status="PASS" starttime="20230707 11:18:48.112" endtime="20230707 11:18:49.195"/>
</kw>
<status status="PASS" starttime="20230707 11:18:48.112" endtime="20230707 11:18:49.195"/>
</kw>
<kw name="Given a logged in test user" library="user">
<doc>Log in to the site as test user. This test user is
equivalent to the TEST_USER_NAME in plone.app.testing.
There is no guarantee of where in the site you are once
this is done.</doc>
<kw name="Enable Autologin As" library="Remote">
<arg>Member</arg>
<arg>Contributor</arg>
<doc>Add and configure DomainAuthHelper PAS-plugin to login
        all anonymous users from localhost as a special *Remote User* with
        one or more given roles. Examples of use::</doc>
<msg timestamp="20230707 11:18:49.199" level="INFO">None</msg>
<status status="PASS" starttime="20230707 11:18:49.195" endtime="20230707 11:18:49.199"/>
</kw>
<kw name="Set Autologin Username" library="Remote">
<arg>${TEST_USER_NAME}</arg>
<doc>Update autologin mapping with the given username</doc>
<msg timestamp="20230707 11:18:49.203" level="INFO">None</msg>
<status status="PASS" starttime="20230707 11:18:49.199" endtime="20230707 11:18:49.203"/>
</kw>
<status status="PASS" starttime="20230707 11:18:49.195" endtime="20230707 11:18:49.203"/>
</kw>
<kw name="and a image 'dexterity_content_type_with_two_image_fields'" sourcename="a image '${portal_type}'">
<kw name="Create Content" library="Remote">
<arg>type=${portal_type}</arg>
<arg>id=my-image</arg>
<arg>title=My Image</arg>
<doc>Create content and return its UID</doc>
<msg timestamp="20230707 11:18:49.226" level="INFO">46843aabc8724ce3b761f6649d0b32ed</msg>
<status status="PASS" starttime="20230707 11:18:49.203" endtime="20230707 11:18:49.226"/>
</kw>
<status status="PASS" starttime="20230707 11:18:49.203" endtime="20230707 11:18:49.226"/>
</kw>
<kw name="When I go to the cropping view">
<kw name="Go To" library="Selenium2Library">
<arg>${PLONE_URL}/${IMAGE_ID}/view</arg>
<doc>Navigates the current browser window to the provided ``url``.</doc>
<msg timestamp="20230707 11:18:49.227" level="INFO">Opening url 'http://localhost:55478/plone/my-image/view'</msg>
<status status="PASS" starttime="20230707 11:18:49.227" endtime="20230707 11:18:49.465"/>
</kw>
<kw name="Click Link" library="Selenium2Library">
<arg>link=Cropping</arg>
<doc>Clicks a link identified by ``locator``.</doc>
<msg timestamp="20230707 11:18:49.465" level="INFO">Clicking link 'link=Cropping'.</msg>
<status status="PASS" starttime="20230707 11:18:49.465" endtime="20230707 11:18:49.596"/>
</kw>
<kw name="Page Should Contain Element" library="Selenium2Library">
<arg>css=.pat-image-cropper</arg>
<doc>Verifies that element ``locator`` is found on the current page.</doc>
<kw name="No Operation" library="BuiltIn">
<doc>Does absolutely nothing.</doc>
<status status="PASS" starttime="20230707 11:18:50.167" endtime="20230707 11:18:50.167"/>
</kw>
<msg timestamp="20230707 11:18:50.167" level="FAIL">Page should have contained element 'css=.pat-image-cropper' but did not.</msg>
<status status="FAIL" starttime="20230707 11:18:49.596" endtime="20230707 11:18:50.171"/>
</kw>
<status status="FAIL" starttime="20230707 11:18:49.227" endtime="20230707 11:18:50.172"/>
</kw>
<kw name="and I crop the images field 'first_image' size 'preview' to 560 x 20">
<status status="NOT RUN" starttime="20230707 11:18:50.176" endtime="20230707 11:18:50.176"/>
</kw>
<kw name="and I crop the images field 'second_image' size 'preview' to 560 x 20">
<status status="NOT RUN" starttime="20230707 11:18:50.179" endtime="20230707 11:18:50.179"/>
</kw>
<kw name="Then the images field 'first_image' should be cropped">
<status status="NOT RUN" starttime="20230707 11:18:50.182" endtime="20230707 11:18:50.182"/>
</kw>
<kw name="and the images field 'second_image' should be cropped">
<status status="NOT RUN" starttime="20230707 11:18:50.185" endtime="20230707 11:18:50.185"/>
</kw>
<kw name="Close All Browsers" library="Selenium2Library" type="TEARDOWN">
<doc>Closes all open browsers and resets the browser cache.</doc>
<status status="PASS" starttime="20230707 11:18:50.186" endtime="20230707 11:18:50.268"/>
</kw>
<status status="FAIL" starttime="20230707 11:18:48.112" endtime="20230707 11:18:50.268">Page should have contained element 'css=.pat-image-cropper' but did not.</status>
</test>
<status status="FAIL" starttime="20230707 11:18:47.895" endtime="20230707 11:18:50.269"/>
</suite>
<statistics>
<total>
<stat pass="0" fail="1" skip="0">All Tests</stat>
</total>
<tag>
</tag>
<suite>
<stat pass="0" fail="1" skip="0" id="s1" name="Test Imagecropping">Test Imagecropping</stat>
</suite>
</statistics>
<errors>
<msg timestamp="20230707 11:18:47.929" level="ERROR">Error in file '/Users/peterm/workspace/khbg/src/plone.app.imagecropping/.tox/test/lib/python3.11/site-packages/plone/app/robotframework/keywords.robot' on line 84: Creating keyword 'Log in as test user with role' failed: User keyword cannot be empty.</msg>
</errors>
</robot>
